<?xml version="1.0" encoding="UTF-8"?>
<!-- Generated by org.testng.reporters.JUnitReportReporter -->
<testsuite hostname="DESKTOP-JB5NLL4" failures="0" tests="3" name="testNG.DependOnMethodsTest" time="0.103" errors="0" timestamp="2025-10-24T11:46:30 PDT" skipped="0">
  <testcase classname="testNG.DependOnMethodsTest" name="deleteAccount" time="0.003">
    <system-out>
      <![CDATA[Account is Deleted ]]>
    </system-out>
  </testcase> <!-- deleteAccount -->
  <testcase classname="testNG.DependOnMethodsTest" name="createAccount" time="0.089">
    <system-out>
      <![CDATA[Account Is Created!!]]>
    </system-out>
  </testcase> <!-- createAccount -->
  <testcase classname="testNG.DependOnMethodsTest" name="modifyAccount" time="0.011">
    <system-out>
      <![CDATA[Account is Modified ]]>
    </system-out>
  </testcase> <!-- modifyAccount -->
  <system-out>
    <![CDATA[Account Is Created!!
Account is Modified 
Account is Deleted ]]>
  </system-out>
</testsuite> <!-- testNG.DependOnMethodsTest -->
