<?xml version="1.0" encoding="UTF-8"?>
<!-- Generated by org.testng.reporters.JUnitReportReporter -->
<testsuite hostname="DESKTOP-JB5NLL4" failures="0" tests="10" name="testNG.ThreadPoolSizeTest" time="239.708" errors="0" timestamp="2025-10-09T15:09:55 PDT" skipped="0">
  <testcase classname="testNG.ThreadPoolSizeTest" name="case1" time="26.815"/>
  <testcase classname="testNG.ThreadPoolSizeTest" name="case1" time="27.389"/>
  <testcase classname="testNG.ThreadPoolSizeTest" name="case1" time="29.007"/>
  <testcase classname="testNG.ThreadPoolSizeTest" name="case1" time="10.032"/>
  <testcase classname="testNG.ThreadPoolSizeTest" name="case1" time="18.013"/>
  <testcase classname="testNG.ThreadPoolSizeTest" name="case1" time="18.659"/>
  <testcase classname="testNG.ThreadPoolSizeTest" name="case1" time="27.492"/>
  <testcase classname="testNG.ThreadPoolSizeTest" name="case1" time="27.635"/>
  <testcase classname="testNG.ThreadPoolSizeTest" name="case1" time="27.470"/>
  <testcase classname="testNG.ThreadPoolSizeTest" name="case1" time="27.196"/>
</testsuite> <!-- testNG.ThreadPoolSizeTest -->
