<?xml version="1.0" encoding="UTF-8"?>
<!-- Generated by org.testng.reporters.JUnitReportReporter -->
<testsuite hostname="DESKTOP-JB5NLL4" failures="0" tests="5" name="testNG.invocationCount" time="0.096" errors="0" timestamp="2025-10-09T14:43:54 PDT" skipped="0">
  <testcase classname="testNG.invocationCount" name="demo" time="0.004">
    <system-out>
      <![CDATA[Demo Method]]>
    </system-out>
  </testcase> <!-- demo -->
  <testcase classname="testNG.invocationCount" name="demo" time="0.008">
    <system-out>
      <![CDATA[Demo Method]]>
    </system-out>
  </testcase> <!-- demo -->
  <testcase classname="testNG.invocationCount" name="demo" time="0.005">
    <system-out>
      <![CDATA[Demo Method]]>
    </system-out>
  </testcase> <!-- demo -->
  <testcase classname="testNG.invocationCount" name="demo" time="0.004">
    <system-out>
      <![CDATA[Demo Method]]>
    </system-out>
  </testcase> <!-- demo -->
  <testcase classname="testNG.invocationCount" name="demo" time="0.075">
    <system-out>
      <![CDATA[Demo Method]]>
    </system-out>
  </testcase> <!-- demo -->
  <system-out>
    <![CDATA[Demo Method
Demo Method
Demo Method
Demo Method
Demo Method]]>
  </system-out>
</testsuite> <!-- testNG.invocationCount -->
