<?xml version="1.0" encoding="UTF-8"?>
<testng-results ignored="0" total="1" passed="1" failed="0" skipped="0">
  <reporter-output>
  </reporter-output>
  <suite started-at="2025-10-30T14:47:37 PDT" name="Default suite" finished-at="2025-10-30T14:47:37 PDT" duration-ms="148">
    <groups>
    </groups>
    <test started-at="2025-10-30T14:47:37 PDT" name="Default test" finished-at="2025-10-30T14:47:37 PDT" duration-ms="148">
      <class name="Listenerss.JustToProve">
        <test-method is-config="true" signature="bs()[pri:0, instance:Listenerss.JustToProve@35cabb2a]" started-at="2025-10-30T14:47:37 PDT" name="bs" finished-at="2025-10-30T14:47:37 PDT" duration-ms="36" status="PASS">
          <reporter-output>
          </reporter-output>
        </test-method> <!-- bs -->
        <test-method signature="case1()[pri:0, instance:Listenerss.JustToProve@35cabb2a]" started-at="2025-10-30T14:47:37 PDT" name="case1" finished-at="2025-10-30T14:47:37 PDT" duration-ms="38" status="PASS">
          <reporter-output>
          </reporter-output>
        </test-method> <!-- case1 -->
        <test-method is-config="true" signature="as()[pri:0, instance:Listenerss.JustToProve@35cabb2a]" started-at="2025-10-30T14:47:38 PDT" name="as" finished-at="2025-10-30T14:47:38 PDT" duration-ms="5" status="PASS">
          <reporter-output>
          </reporter-output>
        </test-method> <!-- as -->
      </class> <!-- Listenerss.JustToProve -->
    </test> <!-- Default test -->
  </suite> <!-- Default suite -->
</testng-results>
