<?xml version="1.0" encoding="UTF-8"?>
<testng-results ignored="0" total="3" passed="3" failed="0" skipped="0">
  <reporter-output>
    <line>
      <![CDATA[Account Is Created!!]]>
    </line>
    <line>
      <![CDATA[Account is Modified ]]>
    </line>
    <line>
      <![CDATA[Account is Deleted ]]>
    </line>
  </reporter-output>
  <suite started-at="2025-10-09T00:40:47 PDT" name="Default suite" finished-at="2025-10-09T00:40:47 PDT" duration-ms="292">
    <groups>
    </groups>
    <test started-at="2025-10-09T00:40:47 PDT" name="Default test" finished-at="2025-10-09T00:40:47 PDT" duration-ms="292">
      <class name="testNG.DependOnMethods">
        <test-method signature="createAccount()[pri:0, instance:testNG.DependOnMethods@384ad17b]" started-at="2025-10-09T00:40:47 PDT" name="createAccount" finished-at="2025-10-09T00:40:47 PDT" duration-ms="52" status="PASS">
          <reporter-output>
            <line>
              <![CDATA[Account Is Created!!]]>
            </line>
          </reporter-output>
        </test-method> <!-- createAccount -->
        <test-method signature="modifyAccount()[pri:0, instance:testNG.DependOnMethods@384ad17b]" started-at="2025-10-09T00:40:47 PDT" name="modifyAccount" finished-at="2025-10-09T00:40:47 PDT" depends-on-methods="testNG.DependOnMethods.createAccount" duration-ms="12" status="PASS">
          <reporter-output>
            <line>
              <![CDATA[Account is Modified ]]>
            </line>
          </reporter-output>
        </test-method> <!-- modifyAccount -->
        <test-method signature="deleteAccount()[pri:0, instance:testNG.DependOnMethods@384ad17b]" started-at="2025-10-09T00:40:47 PDT" name="deleteAccount" finished-at="2025-10-09T00:40:47 PDT" depends-on-methods="testNG.DependOnMethods.modifyAccount" duration-ms="8" status="PASS">
          <reporter-output>
            <line>
              <![CDATA[Account is Deleted ]]>
            </line>
          </reporter-output>
        </test-method> <!-- deleteAccount -->
      </class> <!-- testNG.DependOnMethods -->
    </test> <!-- Default test -->
  </suite> <!-- Default suite -->
</testng-results>
