<?xml version="1.0" encoding="UTF-8"?>
<!-- Generated by org.testng.reporters.JUnitXMLReporter -->
<testsuite ignored="0" hostname="DESKTOP-JB5NLL4" failures="0" tests="3" name="Default test" time="0.292" errors="0" timestamp="2025-10-09T00:40:48 PDT">
  <testcase classname="testNG.DependOnMethods" name="createAccount" time="0.052"/>
  <testcase classname="testNG.DependOnMethods" name="modifyAccount" time="0.012"/>
  <testcase classname="testNG.DependOnMethods" name="deleteAccount" time="0.008"/>
</testsuite> <!-- Default test -->
